0 info it worked if it ends with ok
1 verbose cli [ '/usr/local/bin/node',
1 verbose cli   '/usr/local/bin/npm',
1 verbose cli   'install',
1 verbose cli   'redux-form',
1 verbose cli   '--save' ]
2 info using npm@3.8.3
3 info using node@v0.12.7
4 silly loadCurrentTree Starting
5 silly install loadCurrentTree
6 silly install readLocalPackageData
7 silly fetchPackageMetaData redux-form
8 silly fetchNamedPackageData redux-form
9 silly mapToRegistry name redux-form
10 silly mapToRegistry using default registry
11 silly mapToRegistry registry https://registry.npmjs.org/
12 silly mapToRegistry data { raw: 'redux-form',
12 silly mapToRegistry   scope: null,
12 silly mapToRegistry   name: 'redux-form',
12 silly mapToRegistry   rawSpec: '',
12 silly mapToRegistry   spec: 'latest',
12 silly mapToRegistry   type: 'tag' }
13 silly mapToRegistry uri https://registry.npmjs.org/redux-form
14 verbose request uri https://registry.npmjs.org/redux-form
15 verbose request no auth needed
16 info attempt registry request try #1 at 18:39:06
17 verbose request id b4a65038d0154c52
18 http request GET https://registry.npmjs.org/redux-form
19 http 200 https://registry.npmjs.org/redux-form
20 verbose headers { server: 'CouchDB/1.5.0 (Erlang OTP/R16B03)',
20 verbose headers   etag: '"CUFGJFN7S8L1VUU33NKASW5AN"',
20 verbose headers   'content-type': 'application/json',
20 verbose headers   'content-encoding': 'gzip',
20 verbose headers   'cache-control': 'max-age=300',
20 verbose headers   'content-length': '31210',
20 verbose headers   'accept-ranges': 'bytes',
20 verbose headers   date: 'Mon, 13 Jun 2016 10:37:20 GMT',
20 verbose headers   via: '1.1 varnish',
20 verbose headers   age: '29',
20 verbose headers   connection: 'keep-alive',
20 verbose headers   'x-served-by': 'cache-sin6924-SIN',
20 verbose headers   'x-cache': 'HIT',
20 verbose headers   'x-cache-hits': '1',
20 verbose headers   'x-timer': 'S1465814240.147092,VS0,VE0',
20 verbose headers   vary: 'Accept-Encoding' }
21 silly get cb [ 200,
21 silly get   { server: 'CouchDB/1.5.0 (Erlang OTP/R16B03)',
21 silly get     etag: '"CUFGJFN7S8L1VUU33NKASW5AN"',
21 silly get     'content-type': 'application/json',
21 silly get     'content-encoding': 'gzip',
21 silly get     'cache-control': 'max-age=300',
21 silly get     'content-length': '31210',
21 silly get     'accept-ranges': 'bytes',
21 silly get     date: 'Mon, 13 Jun 2016 10:37:20 GMT',
21 silly get     via: '1.1 varnish',
21 silly get     age: '29',
21 silly get     connection: 'keep-alive',
21 silly get     'x-served-by': 'cache-sin6924-SIN',
21 silly get     'x-cache': 'HIT',
21 silly get     'x-cache-hits': '1',
21 silly get     'x-timer': 'S1465814240.147092,VS0,VE0',
21 silly get     vary: 'Accept-Encoding' } ]
22 verbose get saving redux-form to /Users/gaotianyi/.npm/registry.npmjs.org/redux-form/.cache.json
23 verbose correctMkdir /Users/gaotianyi/.npm correctMkdir not in flight; initializing
24 silly install normalizeTree
25 silly loadCurrentTree Finishing
26 silly loadIdealTree Starting
27 silly install loadIdealTree
28 silly cloneCurrentTree Starting
29 silly install cloneCurrentTreeToIdealTree
30 silly cloneCurrentTree Finishing
31 silly loadShrinkwrap Starting
32 silly install loadShrinkwrap
33 silly loadShrinkwrap Finishing
34 silly loadAllDepsIntoIdealTree Starting
35 silly install loadAllDepsIntoIdealTree
36 silly resolveWithNewModule redux-form@5.2.5 checking installable status
37 silly cache add args [ 'redux-form', null ]
38 verbose cache add spec redux-form
39 silly cache add parsed spec { raw: 'redux-form',
39 silly cache add   scope: null,
39 silly cache add   name: 'redux-form',
39 silly cache add   rawSpec: '',
39 silly cache add   spec: 'latest',
39 silly cache add   type: 'tag' }
40 silly addNamed redux-form@latest
41 verbose addNamed "latest" is being treated as a dist-tag for redux-form
42 info addNameTag [ 'redux-form', 'latest' ]
43 silly mapToRegistry name redux-form
44 silly mapToRegistry using default registry
45 silly mapToRegistry registry https://registry.npmjs.org/
46 silly mapToRegistry data { raw: 'redux-form',
46 silly mapToRegistry   scope: null,
46 silly mapToRegistry   name: 'redux-form',
46 silly mapToRegistry   rawSpec: '',
46 silly mapToRegistry   spec: 'latest',
46 silly mapToRegistry   type: 'tag' }
47 silly mapToRegistry uri https://registry.npmjs.org/redux-form
48 verbose addNameTag registry:https://registry.npmjs.org/redux-form not in flight; fetching
49 verbose get https://registry.npmjs.org/redux-form not expired, no request
50 silly addNameTag next cb for redux-form with tag latest
51 silly addNamed redux-form@5.2.5
52 verbose addNamed "5.2.5" is a plain semver version for redux-form
53 silly mapToRegistry name redux-form
54 silly mapToRegistry using default registry
55 silly mapToRegistry registry https://registry.npmjs.org/
56 silly mapToRegistry data { raw: 'redux-form',
56 silly mapToRegistry   scope: null,
56 silly mapToRegistry   name: 'redux-form',
56 silly mapToRegistry   rawSpec: '',
56 silly mapToRegistry   spec: 'latest',
56 silly mapToRegistry   type: 'tag' }
57 silly mapToRegistry uri https://registry.npmjs.org/redux-form
58 verbose addRemoteTarball https://registry.npmjs.org/redux-form/-/redux-form-5.2.5.tgz not in flight; adding
59 verbose addRemoteTarball [ 'https://registry.npmjs.org/redux-form/-/redux-form-5.2.5.tgz',
59 verbose addRemoteTarball   'f7382a9ac955bfa0424da846694848f31d7a5061' ]
60 info retry fetch attempt 1 at 18:39:07
61 info attempt registry request try #1 at 18:39:07
62 http fetch GET https://registry.npmjs.org/redux-form/-/redux-form-5.2.5.tgz
63 http fetch 200 https://registry.npmjs.org/redux-form/-/redux-form-5.2.5.tgz
64 silly fetchAndShaCheck shasum f7382a9ac955bfa0424da846694848f31d7a5061
65 silly rollbackFailedOptional Starting
66 silly rollbackFailedOptional Finishing
67 silly runTopLevelLifecycles Starting
68 silly runTopLevelLifecycles Finishing
69 silly install printInstalled
70 verbose stack Error: shasum check failed for /var/folders/1v/bn9lkh_95kz5629bp7x24b7w0000gn/T/npm-1745-2e997444/registry.npmjs.org/redux-form/-/redux-form-5.2.5.tgz
70 verbose stack Expected: f7382a9ac955bfa0424da846694848f31d7a5061
70 verbose stack Actual:   18a7fae5582a452a4a2c832c34f75e3bda9f3553
70 verbose stack From:     https://registry.npmjs.org/redux-form/-/redux-form-5.2.5.tgz
70 verbose stack     at /usr/local/lib/node_modules/npm/node_modules/sha/index.js:25:8
70 verbose stack     at ReadStream.<anonymous> (/usr/local/lib/node_modules/npm/node_modules/sha/index.js:72:7)
70 verbose stack     at ReadStream.emit (events.js:129:20)
70 verbose stack     at _stream_readable.js:908:16
70 verbose stack     at process._tickCallback (node.js:355:11)
71 verbose cwd /Users/gaotianyi/react-project
72 error Darwin 15.4.0
73 error argv "/usr/local/bin/node" "/usr/local/bin/npm" "install" "redux-form" "--save"
74 error node v0.12.7
75 error npm  v3.8.3
76 error shasum check failed for /var/folders/1v/bn9lkh_95kz5629bp7x24b7w0000gn/T/npm-1745-2e997444/registry.npmjs.org/redux-form/-/redux-form-5.2.5.tgz
76 error Expected: f7382a9ac955bfa0424da846694848f31d7a5061
76 error Actual:   18a7fae5582a452a4a2c832c34f75e3bda9f3553
76 error From:     https://registry.npmjs.org/redux-form/-/redux-form-5.2.5.tgz
77 error If you need help, you may report this error at:
77 error     <https://github.com/npm/npm/issues>
78 verbose exit [ 1, true ]
